#
# A fatal error has been detected by the Java Runtime Environment:
#
#  EXCEPTION_ACCESS_VIOLATION (0xc0000005) at pc=0x000000005e633ed7, pid=2608, tid=0x0000000000002ef0
#
# JRE version: Java(TM) SE Runtime Environment (8.0_144-b01) (build 1.8.0_144-b01)
# Java VM: Java HotSpot(TM) 64-Bit Server VM (25.144-b01 mixed mode windows-amd64 compressed oops)
# Problematic frame:
# V  [jvm.dll+0x213ed7]
#
# Failed to write core dump. Minidumps are not enabled by default on client versions of Windows
#
# If you would like to submit a bug report, please visit:
#   http://bugreport.java.com/bugreport/crash.jsp
#

---------------  T H R E A D  ---------------

Current thread (0x000000001ade9000):  JavaThread "http-nio-8001-exec-128" daemon [_thread_in_vm, id=12016, stack(0x0000000024db0000,0x0000000024eb0000)]

siginfo: ExceptionCode=0xc0000005, writing address 0x0000000024eaa0e0

Registers:
RAX=0x0000000024eaa0e0, RBX=0x0000000000000006, RCX=0x0000000000005000, RDX=0x0000000000000006
RSP=0x0000000024eaf0e0, RBP=0x0000000000000000, RSI=0x0000000024eaf0e0, RDI=0x0000000000000006
R8 =0x0000000000000006, R9 =0x00000000182cbdd0, R10=0x000000001486d4c0, R11=0x0000000024dba148
R12=0x00000000182cbdd0, R13=0x000000001ade9000, R14=0x0000000024eaf1a8, R15=0x000000001486d4c0
RIP=0x000000005e633ed7, EFLAGS=0x0000000000010202

Top of Stack: (sp=0x0000000024eaf0e0)
0x0000000024eaf0e0:   0000000000000001 0000000000000001
0x0000000024eaf0f0:   000000001ade9000 00000000182cbdd0
0x0000000024eaf100:   00000000ffffffff 000000005e634e07
0x0000000024eaf110:   0000000024eaf210 000000001486d4c0
0x0000000024eaf120:   000000001ade9000 000000005e4e0a63
0x0000000024eaf130:   0000000024eaf170 000000001ade9000
0x0000000024eaf140:   0000000024eaf200 000000001ade9000
0x0000000024eaf150:   000000001486d4c0 000000001ade9000
0x0000000024eaf160:   0000000002c56e60 000000001ade9000
0x0000000024eaf170:   000000001486d4c0 000000001ade9000
0x0000000024eaf180:   000000001486d4c0 000000001ade9000
0x0000000024eaf190:   0000000000000001 000000001486d4c0
0x0000000024eaf1a0:   000000001ade9000 000000001b0f63e0
0x0000000024eaf1b0:   000000001ade9000 000000005e4e210d
0x0000000024eaf1c0:   0000000024eaf4c8 00000001000069a0
0x0000000024eaf1d0:   00000001004de890 00007ffd1c744e77 

Instructions: (pc=0x000000005e633ed7)
0x000000005e633eb7:   48 89 6c 24 30 33 ed 66 90 e8 8b 3b 08 00 ff c3
0x000000005e633ec7:   48 63 c8 48 8b c6 48 0f af cf 48 ff c7 48 2b c1
0x000000005e633ed7:   89 28 48 63 c3 48 3b 05 f5 37 59 00 7e db 48 8b
0x000000005e633ee7:   6c 24 30 48 8b 5c 24 38 48 8b 74 24 40 48 83 c4 


Register to memory mapping:

RAX=0x0000000024eaa0e0 is pointing into the stack for thread: 0x000000001ade9000
RBX=0x0000000000000006 is an unknown value
RCX=0x0000000000005000 is an unknown value
RDX=0x0000000000000006 is an unknown value
RSP=0x0000000024eaf0e0 is pointing into the stack for thread: 0x000000001ade9000
RBP=0x0000000000000000 is an unknown value
RSI=0x0000000024eaf0e0 is pointing into the stack for thread: 0x000000001ade9000
RDI=0x0000000000000006 is an unknown value
R8 =0x0000000000000006 is an unknown value
R9 =0x00000000182cbdd0 is an unknown value
R10={method} {0x000000001486d4c8} 'run' '()V' in 'java/lang/Thread'
R11=0x0000000024dba148 is pointing into the stack for thread: 0x000000001ade9000
R12=0x00000000182cbdd0 is an unknown value
R13=0x000000001ade9000 is a thread
R14=0x0000000024eaf1a8 is pointing into the stack for thread: 0x000000001ade9000
R15={method} {0x000000001486d4c8} 'run' '()V' in 'java/lang/Thread'


Stack: [0x0000000024db0000,0x0000000024eb0000],  sp=0x0000000024eaf0e0,  free space=1020k
Native frames: (J=compiled Java code, j=interpreted, Vv=VM code, C=native code)


---------------  P R O C E S S  ---------------

Java Threads: ( => current thread )
  0x000000001ae56000 JavaThread "http-nio-8001-exec-200" daemon [_thread_blocked, id=4156, stack(0x00000000295b0000,0x00000000296b0000)]
  0x000000001ae58000 JavaThread "http-nio-8001-exec-199" daemon [_thread_blocked, id=4968, stack(0x00000000294b0000,0x00000000295b0000)]
  0x000000001ae55000 JavaThread "http-nio-8001-exec-198" daemon [_thread_blocked, id=3488, stack(0x00000000293b0000,0x00000000294b0000)]
  0x000000001ae4d800 JavaThread "http-nio-8001-exec-197" daemon [_thread_blocked, id=3376, stack(0x00000000292b0000,0x00000000293b0000)]
  0x000000001ae54800 JavaThread "http-nio-8001-exec-196" daemon [_thread_blocked, id=8204, stack(0x00000000291b0000,0x00000000292b0000)]
  0x000000001ae52000 JavaThread "http-nio-8001-exec-195" daemon [_thread_blocked, id=9060, stack(0x00000000290b0000,0x00000000291b0000)]
  0x000000001ae4c800 JavaThread "http-nio-8001-exec-194" daemon [_thread_blocked, id=9140, stack(0x0000000028fb0000,0x00000000290b0000)]
  0x000000001ae53800 JavaThread "http-nio-8001-exec-193" daemon [_thread_blocked, id=3952, stack(0x0000000028eb0000,0x0000000028fb0000)]
  0x000000001ae50800 JavaThread "http-nio-8001-exec-192" daemon [_thread_blocked, id=7448, stack(0x0000000028db0000,0x0000000028eb0000)]
  0x000000001ae4c000 JavaThread "http-nio-8001-exec-191" daemon [_thread_blocked, id=11948, stack(0x0000000028cb0000,0x0000000028db0000)]
  0x000000001ae50000 JavaThread "http-nio-8001-exec-190" daemon [_thread_blocked, id=1032, stack(0x0000000028bb0000,0x0000000028cb0000)]
  0x000000001ae4f000 JavaThread "http-nio-8001-exec-189" daemon [_thread_blocked, id=12120, stack(0x0000000028ab0000,0x0000000028bb0000)]
  0x000000001ae4e800 JavaThread "http-nio-8001-exec-188" daemon [_thread_blocked, id=15544, stack(0x00000000289b0000,0x0000000028ab0000)]
  0x000000001ae53000 JavaThread "http-nio-8001-exec-187" daemon [_thread_blocked, id=2280, stack(0x00000000288b0000,0x00000000289b0000)]
  0x000000001ae45000 JavaThread "http-nio-8001-exec-186" daemon [_thread_blocked, id=3864, stack(0x00000000287b0000,0x00000000288b0000)]
  0x000000001ae44800 JavaThread "http-nio-8001-exec-185" daemon [_thread_blocked, id=14032, stack(0x00000000286b0000,0x00000000287b0000)]
  0x000000001ae4b000 JavaThread "http-nio-8001-exec-184" daemon [_thread_blocked, id=10472, stack(0x00000000285b0000,0x00000000286b0000)]
  0x000000001ae43800 JavaThread "http-nio-8001-exec-183" daemon [_thread_blocked, id=15284, stack(0x00000000284b0000,0x00000000285b0000)]
  0x000000001ae4a800 JavaThread "http-nio-8001-exec-182" daemon [_thread_blocked, id=13960, stack(0x00000000283b0000,0x00000000284b0000)]
  0x000000001ae43000 JavaThread "http-nio-8001-exec-181" daemon [_thread_blocked, id=4624, stack(0x00000000282b0000,0x00000000283b0000)]
  0x000000001ae49800 JavaThread "http-nio-8001-exec-180" daemon [_thread_blocked, id=14308, stack(0x00000000281b0000,0x00000000282b0000)]
  0x000000001ae42000 JavaThread "http-nio-8001-exec-179" daemon [_thread_blocked, id=13368, stack(0x00000000280b0000,0x00000000281b0000)]
  0x000000001ae46800 JavaThread "http-nio-8001-exec-178" daemon [_thread_blocked, id=756, stack(0x0000000027fb0000,0x00000000280b0000)]
  0x000000001ae48000 JavaThread "http-nio-8001-exec-177" daemon [_thread_blocked, id=4292, stack(0x0000000027eb0000,0x0000000027fb0000)]
  0x000000001ae49000 JavaThread "http-nio-8001-exec-176" daemon [_thread_blocked, id=14620, stack(0x0000000027db0000,0x0000000027eb0000)]
  0x000000001ae46000 JavaThread "http-nio-8001-exec-175" daemon [_thread_blocked, id=5104, stack(0x0000000027cb0000,0x0000000027db0000)]
  0x000000001ae47800 JavaThread "http-nio-8001-exec-174" daemon [_thread_blocked, id=16544, stack(0x0000000027bb0000,0x0000000027cb0000)]
  0x000000001ae33000 JavaThread "http-nio-8001-exec-173" daemon [_thread_blocked, id=3548, stack(0x0000000027ab0000,0x0000000027bb0000)]
  0x000000001ae38800 JavaThread "http-nio-8001-exec-172" daemon [_thread_blocked, id=10868, stack(0x00000000279b0000,0x0000000027ab0000)]
  0x000000001ae34800 JavaThread "http-nio-8001-exec-171" daemon [_thread_blocked, id=5320, stack(0x00000000278b0000,0x00000000279b0000)]
  0x000000001ae39800 JavaThread "http-nio-8001-exec-170" daemon [_thread_blocked, id=3812, stack(0x00000000277b0000,0x00000000278b0000)]
  0x000000001ae38000 JavaThread "http-nio-8001-exec-169" daemon [_thread_blocked, id=1908, stack(0x00000000276b0000,0x00000000277b0000)]
  0x000000001ae31800 JavaThread "http-nio-8001-exec-168" daemon [_thread_blocked, id=14520, stack(0x00000000275b0000,0x00000000276b0000)]
  0x000000001ae34000 JavaThread "http-nio-8001-exec-167" daemon [_thread_blocked, id=16972, stack(0x00000000274b0000,0x00000000275b0000)]
  0x000000001ae32800 JavaThread "http-nio-8001-exec-166" daemon [_thread_blocked, id=16176, stack(0x00000000273b0000,0x00000000274b0000)]
  0x000000001ae37000 JavaThread "http-nio-8001-exec-165" daemon [_thread_blocked, id=14768, stack(0x00000000272b0000,0x00000000273b0000)]
  0x000000001ae35800 JavaThread "http-nio-8001-exec-164" daemon [_thread_blocked, id=5488, stack(0x00000000271b0000,0x00000000272b0000)]
  0x000000001ae36000 JavaThread "http-nio-8001-exec-163" daemon [_thread_blocked, id=13652, stack(0x00000000270b0000,0x00000000271b0000)]
  0x000000001ae2a000 JavaThread "http-nio-8001-exec-162" daemon [_thread_blocked, id=16340, stack(0x0000000026fb0000,0x00000000270b0000)]
  0x000000001ae31000 JavaThread "http-nio-8001-exec-161" daemon [_thread_blocked, id=8716, stack(0x0000000026eb0000,0x0000000026fb0000)]
  0x000000001ae30000 JavaThread "http-nio-8001-exec-160" daemon [_thread_blocked, id=11896, stack(0x0000000026db0000,0x0000000026eb0000)]
  0x000000001ae2f800 JavaThread "http-nio-8001-exec-159" daemon [_thread_blocked, id=11536, stack(0x0000000026cb0000,0x0000000026db0000)]
  0x000000001ae2b000 JavaThread "http-nio-8001-exec-158" daemon [_thread_blocked, id=2876, stack(0x0000000026bb0000,0x0000000026cb0000)]
  0x000000001ae2c800 JavaThread "http-nio-8001-exec-157" daemon [_thread_blocked, id=5148, stack(0x0000000026ab0000,0x0000000026bb0000)]
  0x000000001ae2b800 JavaThread "http-nio-8001-exec-156" daemon [_thread_blocked, id=1972, stack(0x00000000269b0000,0x0000000026ab0000)]
  0x000000001ae2d000 JavaThread "http-nio-8001-exec-155" daemon [_thread_blocked, id=1636, stack(0x00000000268b0000,0x00000000269b0000)]
  0x000000001ae2e800 JavaThread "http-nio-8001-exec-154" daemon [_thread_blocked, id=5420, stack(0x00000000267b0000,0x00000000268b0000)]
  0x000000001ae2e000 JavaThread "http-nio-8001-exec-153" daemon [_thread_blocked, id=7964, stack(0x00000000266b0000,0x00000000267b0000)]
  0x000000001ae09000 JavaThread "http-nio-8001-exec-152" daemon [_thread_blocked, id=15720, stack(0x00000000265b0000,0x00000000266b0000)]
  0x000000001ae08800 JavaThread "http-nio-8001-exec-151" daemon [_thread_blocked, id=4636, stack(0x00000000264b0000,0x00000000265b0000)]
  0x000000001ae07000 JavaThread "http-nio-8001-exec-150" daemon [_thread_blocked, id=12740, stack(0x00000000263b0000,0x00000000264b0000)]
  0x000000001ae07800 JavaThread "http-nio-8001-exec-149" daemon [_thread_blocked, id=13612, stack(0x00000000262b0000,0x00000000263b0000)]
  0x000000001ae06000 JavaThread "http-nio-8001-exec-148" daemon [_thread_blocked, id=11232, stack(0x00000000261b0000,0x00000000262b0000)]
  0x000000001ae05800 JavaThread "http-nio-8001-exec-147" daemon [_thread_blocked, id=7780, stack(0x00000000260b0000,0x00000000261b0000)]
  0x000000001adfe000 JavaThread "http-nio-8001-exec-146" daemon [_thread_blocked, id=8608, stack(0x0000000025fb0000,0x00000000260b0000)]
  0x000000001ae04800 JavaThread "http-nio-8001-exec-145" daemon [_thread_blocked, id=2160, stack(0x0000000025eb0000,0x0000000025fb0000)]
  0x000000001adfd000 JavaThread "http-nio-8001-exec-144" daemon [_thread_blocked, id=3432, stack(0x0000000025db0000,0x0000000025eb0000)]
  0x000000001ae03000 JavaThread "http-nio-8001-exec-143" daemon [_thread_blocked, id=15896, stack(0x0000000025cb0000,0x0000000025db0000)]
  0x000000001ae02800 JavaThread "http-nio-8001-exec-142" daemon [_thread_blocked, id=10000, stack(0x0000000025bb0000,0x0000000025cb0000)]
  0x000000001ae04000 JavaThread "http-nio-8001-exec-141" daemon [_thread_blocked, id=3296, stack(0x0000000025ab0000,0x0000000025bb0000)]
  0x000000001ae01000 JavaThread "http-nio-8001-exec-140" daemon [_thread_blocked, id=8216, stack(0x00000000259b0000,0x0000000025ab0000)]
  0x000000001adff800 JavaThread "http-nio-8001-exec-139" daemon [_thread_blocked, id=10352, stack(0x00000000258b0000,0x00000000259b0000)]
  0x000000001adfb000 JavaThread "http-nio-8001-exec-138" daemon [_thread_blocked, id=15832, stack(0x00000000257b0000,0x00000000258b0000)]
  0x000000001ae01800 JavaThread "http-nio-8001-exec-137" daemon [_thread_blocked, id=10780, stack(0x00000000256b0000,0x00000000257b0000)]
  0x000000001ae00000 JavaThread "http-nio-8001-exec-136" daemon [_thread_blocked, id=5852, stack(0x00000000255b0000,0x00000000256b0000)]
  0x000000001adfc800 JavaThread "http-nio-8001-exec-135" daemon [_thread_blocked, id=15812, stack(0x00000000254b0000,0x00000000255b0000)]
  0x000000001adfa000 JavaThread "http-nio-8001-exec-134" daemon [_thread_blocked, id=8244, stack(0x00000000253b0000,0x00000000254b0000)]
  0x000000001adfb800 JavaThread "http-nio-8001-exec-133" daemon [_thread_blocked, id=16952, stack(0x00000000252b0000,0x00000000253b0000)]
  0x000000001adfe800 JavaThread "http-nio-8001-exec-132" daemon [_thread_in_vm, id=11864, stack(0x00000000251b0000,0x00000000252b0000)]
  0x000000001ade7800 JavaThread "http-nio-8001-exec-131" daemon [_thread_in_vm, id=14892, stack(0x00000000250b0000,0x00000000251b0000)]
  0x000000001ade7000 JavaThread "http-nio-8001-exec-130" daemon [_thread_blocked, id=14752, stack(0x0000000024fb0000,0x00000000250b0000)]
  0x000000001ade6000 JavaThread "http-nio-8001-exec-129" daemon [_thread_blocked, id=11460, stack(0x0000000024eb0000,0x0000000024fb0000)]
=>0x000000001ade9000 JavaThread "http-nio-8001-exec-128" daemon [_thread_in_vm, id=12016, stack(0x0000000024db0000,0x0000000024eb0000)]
  0x000000001ade5800 JavaThread "http-nio-8001-exec-127" daemon [_thread_in_vm, id=5124, stack(0x0000000024cb0000,0x0000000024db0000)]
  0x000000001ade8800 JavaThread "http-nio-8001-exec-126" daemon [_thread_blocked, id=9452, stack(0x0000000024bb0000,0x0000000024cb0000)]
  0x000000001ade4800 JavaThread "http-nio-8001-exec-125" daemon [_thread_blocked, id=17316, stack(0x0000000024ab0000,0x0000000024bb0000)]
  0x000000001ade4000 JavaThread "http-nio-8001-exec-124" daemon [_thread_blocked, id=1260, stack(0x00000000249b0000,0x0000000024ab0000)]
  0x000000001addc800 JavaThread "http-nio-8001-exec-123" daemon [_thread_blocked, id=1984, stack(0x00000000248b0000,0x00000000249b0000)]
  0x000000001ade3000 JavaThread "http-nio-8001-exec-122" daemon [_thread_blocked, id=7196, stack(0x00000000247b0000,0x00000000248b0000)]
  0x000000001addb800 JavaThread "http-nio-8001-exec-121" daemon [_thread_blocked, id=10964, stack(0x00000000246b0000,0x00000000247b0000)]
  0x000000001ade2800 JavaThread "http-nio-8001-exec-120" daemon [_thread_blocked, id=13880, stack(0x00000000245b0000,0x00000000246b0000)]
  0x000000001ade0000 JavaThread "http-nio-8001-exec-119" daemon [_thread_blocked, id=12932, stack(0x00000000244b0000,0x00000000245b0000)]
  0x000000001addf800 JavaThread "http-nio-8001-exec-118" daemon [_thread_blocked, id=13496, stack(0x00000000243b0000,0x00000000244b0000)]
  0x000000001ade1800 JavaThread "http-nio-8001-exec-117" daemon [_thread_blocked, id=16120, stack(0x00000000242b0000,0x00000000243b0000)]
  0x000000001adda000 JavaThread "http-nio-8001-exec-116" daemon [_thread_blocked, id=3360, stack(0x00000000241b0000,0x00000000242b0000)]
  0x000000001addb000 JavaThread "http-nio-8001-exec-115" daemon [_thread_blocked, id=15932, stack(0x00000000240b0000,0x00000000241b0000)]
  0x000000001adde800 JavaThread "http-nio-8001-exec-114" daemon [_thread_blocked, id=16056, stack(0x0000000023fb0000,0x00000000240b0000)]
  0x000000001ade1000 JavaThread "http-nio-8001-exec-113" daemon [_thread_blocked, id=8096, stack(0x0000000023eb0000,0x0000000023fb0000)]
  0x000000001adde000 JavaThread "http-nio-8001-exec-112" daemon [_thread_blocked, id=5040, stack(0x0000000023db0000,0x0000000023eb0000)]
  0x000000001addd000 JavaThread "http-nio-8001-exec-111" daemon [_thread_blocked, id=17208, stack(0x0000000023cb0000,0x0000000023db0000)]
  0x000000001b001800 JavaThread "http-nio-8001-exec-110" daemon [_thread_in_vm, id=6648, stack(0x0000000023bb0000,0x0000000023cb0000)]
  0x000000001b000000 JavaThread "http-nio-8001-exec-109" daemon [_thread_blocked, id=1316, stack(0x0000000023ab0000,0x0000000023bb0000)]
  0x000000001afff000 JavaThread "http-nio-8001-exec-108" daemon [_thread_blocked, id=4048, stack(0x00000000239b0000,0x0000000023ab0000)]
  0x000000001b002000 JavaThread "http-nio-8001-exec-107" daemon [_thread_blocked, id=2456, stack(0x00000000238b0000,0x00000000239b0000)]
  0x000000001b000800 JavaThread "http-nio-8001-exec-106" daemon [_thread_blocked, id=12632, stack(0x00000000237b0000,0x00000000238b0000)]
  0x000000001affe800 JavaThread "http-nio-8001-exec-105" daemon [_thread_blocked, id=6312, stack(0x00000000236b0000,0x00000000237b0000)]
  0x000000001affb800 JavaThread "http-nio-8001-exec-104" daemon [_thread_blocked, id=15296, stack(0x00000000235b0000,0x00000000236b0000)]
  0x000000001affd000 JavaThread "http-nio-8001-exec-103" daemon [_thread_blocked, id=17076, stack(0x00000000234b0000,0x00000000235b0000)]
  0x000000001affc000 JavaThread "http-nio-8001-exec-102" daemon [_thread_blocked, id=4572, stack(0x00000000233b0000,0x00000000234b0000)]
  0x000000001affd800 JavaThread "http-nio-8001-exec-101" daemon [_thread_blocked, id=10252, stack(0x00000000232b0000,0x00000000233b0000)]
  0x000000001aff4000 JavaThread "http-nio-8001-exec-100" daemon [_thread_blocked, id=6360, stack(0x00000000231b0000,0x00000000232b0000)]
  0x000000001affa800 JavaThread "http-nio-8001-exec-99" daemon [_thread_blocked, id=12660, stack(0x00000000230b0000,0x00000000231b0000)]
  0x000000001affa000 JavaThread "http-nio-8001-exec-98" daemon [_thread_blocked, id=16268, stack(0x0000000022fb0000,0x00000000230b0000)]
  0x000000001aff3000 JavaThread "http-nio-8001-exec-97" daemon [_thread_blocked, id=13932, stack(0x0000000022eb0000,0x0000000022fb0000)]
  0x000000001aff9000 JavaThread "http-nio-8001-exec-96" daemon [_thread_blocked, id=6376, stack(0x0000000022db0000,0x0000000022eb0000)]
  0x000000001aff5800 JavaThread "http-nio-8001-exec-95" daemon [_thread_blocked, id=4068, stack(0x0000000022cb0000,0x0000000022db0000)]
  0x000000001aff8800 JavaThread "http-nio-8001-exec-94" daemon [_thread_blocked, id=14472, stack(0x0000000022bb0000,0x0000000022cb0000)]
  0x000000001aff7000 JavaThread "http-nio-8001-exec-93" daemon [_thread_blocked, id=17204, stack(0x0000000022ab0000,0x0000000022bb0000)]
  0x000000001aff7800 JavaThread "http-nio-8001-exec-92" daemon [_thread_blocked, id=10444, stack(0x00000000229b0000,0x0000000022ab0000)]
  0x000000001aff4800 JavaThread "http-nio-8001-exec-91" daemon [_thread_blocked, id=4076, stack(0x00000000228b0000,0x00000000229b0000)]
  0x000000001aff6000 JavaThread "http-nio-8001-exec-90" daemon [_thread_blocked, id=3584, stack(0x00000000227b0000,0x00000000228b0000)]
  0x000000001b125800 JavaThread "http-nio-8001-exec-89" daemon [_thread_blocked, id=15592, stack(0x00000000226b0000,0x00000000227b0000)]
  0x000000001b125000 JavaThread "http-nio-8001-exec-88" daemon [_thread_blocked, id=5028, stack(0x00000000225b0000,0x00000000226b0000)]
  0x000000001b124000 JavaThread "http-nio-8001-exec-87" daemon [_thread_blocked, id=14376, stack(0x00000000224b0000,0x00000000225b0000)]
  0x000000001b122800 JavaThread "http-nio-8001-exec-86" daemon [_thread_blocked, id=16144, stack(0x00000000223b0000,0x00000000224b0000)]
  0x000000001b122000 JavaThread "http-nio-8001-exec-85" daemon [_thread_blocked, id=14364, stack(0x00000000222b0000,0x00000000223b0000)]
  0x000000001b121000 JavaThread "http-nio-8001-exec-84" daemon [_thread_blocked, id=3464, stack(0x00000000221b0000,0x00000000222b0000)]
  0x000000001b123800 JavaThread "http-nio-8001-exec-83" daemon [_thread_blocked, id=8004, stack(0x00000000220b0000,0x00000000221b0000)]
  0x000000001b119800 JavaThread "http-nio-8001-exec-82" daemon [_thread_blocked, id=13664, stack(0x0000000021fb0000,0x00000000220b0000)]
  0x000000001b120800 JavaThread "http-nio-8001-exec-81" daemon [_thread_blocked, id=12756, stack(0x0000000021eb0000,0x0000000021fb0000)]
  0x000000001b119000 JavaThread "http-nio-8001-exec-80" daemon [_thread_blocked, id=17368, stack(0x0000000021db0000,0x0000000021eb0000)]
  0x000000001b11c000 JavaThread "http-nio-8001-exec-79" daemon [_thread_blocked, id=14220, stack(0x0000000021cb0000,0x0000000021db0000)]
  0x000000001b11f800 JavaThread "http-nio-8001-exec-78" daemon [_thread_blocked, id=11124, stack(0x0000000021bb0000,0x0000000021cb0000)]
  0x000000001b118000 JavaThread "http-nio-8001-exec-77" daemon [_thread_blocked, id=11392, stack(0x0000000021ab0000,0x0000000021bb0000)]
  0x000000001b11f000 JavaThread "http-nio-8001-exec-76" daemon [_thread_blocked, id=14828, stack(0x00000000219b0000,0x0000000021ab0000)]
  0x000000001b117800 JavaThread "http-nio-8001-exec-75" daemon [_thread_blocked, id=3180, stack(0x00000000218b0000,0x00000000219b0000)]
  0x000000001b11a800 JavaThread "http-nio-8001-exec-74" daemon [_thread_blocked, id=16324, stack(0x00000000217b0000,0x00000000218b0000)]
  0x000000001b11e000 JavaThread "http-nio-8001-exec-73" daemon [_thread_blocked, id=12968, stack(0x00000000216b0000,0x00000000217b0000)]
  0x000000001b11c800 JavaThread "http-nio-8001-exec-72" daemon [_thread_blocked, id=15960, stack(0x00000000215b0000,0x00000000216b0000)]
  0x000000001b11d800 JavaThread "http-nio-8001-exec-71" daemon [_thread_blocked, id=13088, stack(0x00000000214b0000,0x00000000215b0000)]
  0x000000001b11b000 JavaThread "http-nio-8001-exec-70" daemon [_thread_blocked, id=13224, stack(0x00000000213b0000,0x00000000214b0000)]
  0x000000001b116800 JavaThread "http-nio-8001-exec-69" daemon [_thread_blocked, id=11636, stack(0x00000000212b0000,0x00000000213b0000)]
  0x000000001b0e8000 JavaThread "http-nio-8001-exec-68" daemon [_thread_blocked, id=12784, stack(0x00000000211b0000,0x00000000212b0000)]
  0x000000001b0e6800 JavaThread "http-nio-8001-exec-67" daemon [_thread_blocked, id=12320, stack(0x00000000210b0000,0x00000000211b0000)]
  0x000000001b0e7800 JavaThread "http-nio-8001-exec-66" daemon [_thread_blocked, id=7280, stack(0x0000000020fb0000,0x00000000210b0000)]
  0x000000001b0e6000 JavaThread "http-nio-8001-exec-65" daemon [_thread_blocked, id=8600, stack(0x0000000020eb0000,0x0000000020fb0000)]
  0x000000001b0e3800 JavaThread "http-nio-8001-exec-64" daemon [_thread_blocked, id=10724, stack(0x0000000020db0000,0x0000000020eb0000)]
  0x000000001b0e4800 JavaThread "http-nio-8001-exec-63" daemon [_thread_blocked, id=2036, stack(0x0000000020cb0000,0x0000000020db0000)]
  0x000000001b0e3000 JavaThread "http-nio-8001-exec-62" daemon [_thread_blocked, id=7572, stack(0x0000000020bb0000,0x0000000020cb0000)]
  0x000000001b0e2000 JavaThread "http-nio-8001-exec-61" daemon [_thread_blocked, id=12152, stack(0x0000000020ab0000,0x0000000020bb0000)]
  0x000000001b0e5000 JavaThread "http-nio-8001-exec-60" daemon [_thread_blocked, id=7920, stack(0x00000000209b0000,0x0000000020ab0000)]
  0x000000001b0e1800 JavaThread "http-nio-8001-exec-59" daemon [_thread_blocked, id=17400, stack(0x00000000208b0000,0x00000000209b0000)]
  0x000000001af6f000 JavaThread "http-nio-8001-exec-58" daemon [_thread_blocked, id=2096, stack(0x00000000207b0000,0x00000000208b0000)]
  0x000000001af6c800 JavaThread "http-nio-8001-exec-57" daemon [_thread_blocked, id=4708, stack(0x00000000206b0000,0x00000000207b0000)]
  0x000000001af6a800 JavaThread "http-nio-8001-exec-56" daemon [_thread_blocked, id=17248, stack(0x00000000205b0000,0x00000000206b0000)]
  0x000000001af6c000 JavaThread "http-nio-8001-exec-55" daemon [_thread_blocked, id=1104, stack(0x00000000204b0000,0x00000000205b0000)]
  0x000000001af6b000 JavaThread "http-nio-8001-exec-54" daemon [_thread_blocked, id=3984, stack(0x00000000203b0000,0x00000000204b0000)]
  0x000000001af6d800 JavaThread "http-nio-8001-exec-53" daemon [_thread_blocked, id=10116, stack(0x00000000202b0000,0x00000000203b0000)]
  0x000000001af6e000 JavaThread "http-nio-8001-exec-52" daemon [_thread_blocked, id=4696, stack(0x00000000201b0000,0x00000000202b0000)]
  0x000000001af63000 JavaThread "http-nio-8001-exec-51" daemon [_thread_blocked, id=12408, stack(0x00000000200b0000,0x00000000201b0000)]
  0x000000001af69800 JavaThread "http-nio-8001-exec-50" daemon [_thread_blocked, id=7456, stack(0x000000001ffb0000,0x00000000200b0000)]
  0x000000001af69000 JavaThread "http-nio-8001-exec-49" daemon [_thread_blocked, id=15316, stack(0x000000001feb0000,0x000000001ffb0000)]
  0x000000001af68000 JavaThread "http-nio-8001-exec-48" daemon [_thread_blocked, id=12220, stack(0x000000001fdb0000,0x000000001feb0000)]
  0x000000001af60800 JavaThread "http-nio-8001-exec-47" daemon [_thread_blocked, id=8468, stack(0x000000001fcb0000,0x000000001fdb0000)]
  0x000000001af67800 JavaThread "http-nio-8001-exec-46" daemon [_thread_blocked, id=13572, stack(0x000000001fbb0000,0x000000001fcb0000)]
  0x000000001af60000 JavaThread "http-nio-8001-exec-45" daemon [_thread_blocked, id=10604, stack(0x000000001fab0000,0x000000001fbb0000)]
  0x000000001af66800 JavaThread "http-nio-8001-exec-44" daemon [_thread_blocked, id=3236, stack(0x000000001f9b0000,0x000000001fab0000)]
  0x000000001af64800 JavaThread "http-nio-8001-exec-43" daemon [_thread_blocked, id=1240, stack(0x000000001f8b0000,0x000000001f9b0000)]
  0x000000001af61800 JavaThread "http-nio-8001-exec-42" daemon [_thread_blocked, id=6180, stack(0x000000001f7b0000,0x000000001f8b0000)]
  0x000000001af63800 JavaThread "http-nio-8001-exec-41" daemon [_thread_blocked, id=1988, stack(0x000000001f6b0000,0x000000001f7b0000)]
  0x000000001af66000 JavaThread "http-nio-8001-exec-40" daemon [_thread_blocked, id=8432, stack(0x000000001f5b0000,0x000000001f6b0000)]
  0x000000001af62000 JavaThread "http-nio-8001-exec-39" daemon [_thread_blocked, id=15940, stack(0x000000001f4b0000,0x000000001f5b0000)]
  0x000000001af65000 JavaThread "http-nio-8001-exec-38" daemon [_thread_blocked, id=10072, stack(0x000000001f3b0000,0x000000001f4b0000)]
  0x000000001ad20800 JavaThread "http-nio-8001-exec-37" daemon [_thread_blocked, id=6968, stack(0x000000001f2b0000,0x000000001f3b0000)]
  0x000000001ad1d800 JavaThread "http-nio-8001-exec-36" daemon [_thread_blocked, id=15820, stack(0x000000001f1b0000,0x000000001f2b0000)]
  0x000000001ad21800 JavaThread "http-nio-8001-exec-35" daemon [_thread_blocked, id=16804, stack(0x000000001f0b0000,0x000000001f1b0000)]
  0x000000001ad20000 JavaThread "http-nio-8001-exec-34" daemon [_thread_blocked, id=4024, stack(0x000000001efb0000,0x000000001f0b0000)]
  0x000000001ad1f000 JavaThread "http-nio-8001-exec-33" daemon [_thread_blocked, id=14732, stack(0x000000001eeb0000,0x000000001efb0000)]
  0x000000001ad1e800 JavaThread "http-nio-8001-exec-32" daemon [_thread_blocked, id=9740, stack(0x000000001edb0000,0x000000001eeb0000)]
  0x000000001ad1d000 JavaThread "http-nio-8001-exec-31" daemon [_thread_blocked, id=6184, stack(0x000000001ecb0000,0x000000001edb0000)]
  0x000000001ad1c000 JavaThread "http-nio-8001-exec-30" daemon [_thread_blocked, id=6676, stack(0x000000001ebb0000,0x000000001ecb0000)]
  0x000000001ad22000 JavaThread "http-nio-8001-exec-29" daemon [_thread_blocked, id=8388, stack(0x000000001eab0000,0x000000001ebb0000)]
  0x000000001ad14800 JavaThread "http-nio-8001-exec-28" daemon [_thread_blocked, id=12800, stack(0x000000001e9b0000,0x000000001eab0000)]
  0x000000001ad1b800 JavaThread "http-nio-8001-exec-27" daemon [_thread_blocked, id=9308, stack(0x000000001e8b0000,0x000000001e9b0000)]
  0x000000001ad18800 JavaThread "http-nio-8001-exec-26" daemon [_thread_blocked, id=7140, stack(0x000000001e7b0000,0x000000001e8b0000)]
  0x000000001ad1a800 JavaThread "http-nio-8001-exec-25" daemon [_thread_blocked, id=16880, stack(0x000000001e6b0000,0x000000001e7b0000)]
  0x000000001ad17000 JavaThread "http-nio-8001-exec-24" daemon [_thread_blocked, id=17112, stack(0x000000001e5b0000,0x000000001e6b0000)]
  0x000000001ad14000 JavaThread "http-nio-8001-exec-23" daemon [_thread_blocked, id=10108, stack(0x000000001e4b0000,0x000000001e5b0000)]
  0x000000001ad13000 JavaThread "http-nio-8001-exec-22" daemon [_thread_blocked, id=4396, stack(0x000000001e3b0000,0x000000001e4b0000)]
  0x000000001ad1a000 JavaThread "http-nio-8001-exec-21" daemon [_thread_blocked, id=11004, stack(0x000000001e2b0000,0x000000001e3b0000)]
  0x000000001ad15800 JavaThread "http-nio-8001-exec-20" daemon [_thread_blocked, id=9208, stack(0x000000001e1b0000,0x000000001e2b0000)]
  0x000000001ad17800 JavaThread "http-nio-8001-exec-19" daemon [_thread_blocked, id=11992, stack(0x000000001ddb0000,0x000000001deb0000)]
  0x000000001ad19000 JavaThread "http-nio-8001-exec-18" daemon [_thread_blocked, id=5584, stack(0x000000001bfb0000,0x000000001c0b0000)]
  0x000000001ad16000 JavaThread "http-nio-8001-exec-17" daemon [_thread_blocked, id=10068, stack(0x0000000019ee0000,0x0000000019fe0000)]
  0x00000000183e5000 JavaThread "http-nio-8001-exec-16" daemon [_thread_blocked, id=16368, stack(0x0000000018fe0000,0x00000000190e0000)]
  0x00000000183e3800 JavaThread "http-nio-8001-exec-15" daemon [_thread_blocked, id=4216, stack(0x0000000018de0000,0x0000000018ee0000)]
  0x000000001ac88800 JavaThread "http-nio-8001-exec-14" daemon [_thread_blocked, id=12180, stack(0x0000000018ce0000,0x0000000018de0000)]
  0x000000001ac87000 JavaThread "http-nio-8001-exec-13" daemon [_thread_blocked, id=16136, stack(0x00000000009d0000,0x0000000000ad0000)]
  0x000000001ac89800 JavaThread "http-nio-8001-exec-12" daemon [_thread_blocked, id=9148, stack(0x00000000008d0000,0x00000000009d0000)]
  0x000000001ac86800 JavaThread "http-nio-8001-exec-11" daemon [_thread_blocked, id=13236, stack(0x00000000006d0000,0x00000000007d0000)]
  0x000000001ac88000 JavaThread "DiscoveryClient-CacheRefreshExecutor-0" daemon [_thread_blocked, id=9772, stack(0x000000001deb0000,0x000000001dfb0000)]
  0x000000001ac85000 JavaThread "DestroyJavaVM" [_thread_blocked, id=13828, stack(0x00000000027e0000,0x00000000028e0000)]
  0x000000001ac85800 JavaThread "DiscoveryClient-HeartbeatExecutor-0" daemon [_thread_blocked, id=7496, stack(0x000000001dcb0000,0x000000001ddb0000)]
  0x000000001ac7d000 JavaThread "http-nio-8001-Acceptor" daemon [_thread_in_native, id=17280, stack(0x000000001dbb0000,0x000000001dcb0000)]
  0x000000001ac84000 JavaThread "http-nio-8001-ClientPoller" daemon [_thread_in_native, id=13904, stack(0x000000001dab0000,0x000000001dbb0000)]
  0x000000001ac7c800 JavaThread "http-nio-8001-exec-10" daemon [_thread_blocked, id=15744, stack(0x000000001d9b0000,0x000000001dab0000)]
  0x000000001ac83000 JavaThread "http-nio-8001-exec-9" daemon [_thread_blocked, id=7824, stack(0x000000001d8b0000,0x000000001d9b0000)]
  0x000000001ac7b800 JavaThread "http-nio-8001-exec-8" daemon [_thread_blocked, id=3348, stack(0x000000001d7b0000,0x000000001d8b0000)]
  0x000000001ac82800 JavaThread "http-nio-8001-exec-7" daemon [_thread_blocked, id=2024, stack(0x000000001d6b0000,0x000000001d7b0000)]
  0x000000001ac7b000 JavaThread "http-nio-8001-exec-6" daemon [_thread_blocked, id=9756, stack(0x000000001d5b0000,0x000000001d6b0000)]
  0x000000001ac80000 JavaThread "http-nio-8001-exec-5" daemon [_thread_blocked, id=17056, stack(0x000000001d4b0000,0x000000001d5b0000)]
  0x000000001ac81800 JavaThread "http-nio-8001-exec-4" daemon [_thread_blocked, id=10288, stack(0x000000001d3b0000,0x000000001d4b0000)]
  0x000000001ac7a000 JavaThread "http-nio-8001-exec-3" daemon [_thread_blocked, id=2180, stack(0x000000001d2b0000,0x000000001d3b0000)]
  0x000000001ac81000 JavaThread "http-nio-8001-exec-2" daemon [_thread_blocked, id=16640, stack(0x000000001d1b0000,0x000000001d2b0000)]
  0x000000001ac7e800 JavaThread "http-nio-8001-exec-1" daemon [_thread_blocked, id=10096, stack(0x000000001d0b0000,0x000000001d1b0000)]
  0x000000001ac7e000 JavaThread "http-nio-8001-BlockPoller" daemon [_thread_in_native, id=3636, stack(0x000000001cfb0000,0x000000001d0b0000)]
  0x000000001ac7f800 JavaThread "DiscoveryClient-InstanceInfoReplicator-0" daemon [_thread_blocked, id=12780, stack(0x000000001ccb0000,0x000000001cdb0000)]
  0x00000000183e6800 JavaThread "DiscoveryClient-1" daemon [_thread_blocked, id=3012, stack(0x000000001cbb0000,0x000000001ccb0000)]
  0x00000000183e6000 JavaThread "DiscoveryClient-0" daemon [_thread_blocked, id=3676, stack(0x000000001cab0000,0x000000001cbb0000)]
  0x00000000183e0800 JavaThread "AsyncResolver-bootstrap-0" daemon [_thread_blocked, id=4204, stack(0x000000001c8b0000,0x000000001c9b0000)]
  0x00000000183df800 JavaThread "Apache-HttpClient-Conn-Cleaner2" daemon [_thread_blocked, id=12128, stack(0x000000001c5b0000,0x000000001c6b0000)]
  0x00000000183e1800 JavaThread "File Watcher" daemon [_thread_blocked, id=3420, stack(0x000000001bdb0000,0x000000001beb0000)]
  0x00000000183e3000 JavaThread "spring.cloud.inetutils" daemon [_thread_blocked, id=14064, stack(0x000000001bab0000,0x000000001bbb0000)]
  0x000000001a94e000 JavaThread "container-0" [_thread_blocked, id=3896, stack(0x000000001b7b0000,0x000000001b8b0000)]
  0x000000001a94d000 JavaThread "Catalina-utility-2" [_thread_blocked, id=16852, stack(0x0000000019de0000,0x0000000019ee0000)]
  0x000000001a8a2800 JavaThread "Catalina-utility-1" [_thread_blocked, id=13160, stack(0x0000000018ee0000,0x0000000018fe0000)]
  0x0000000017d4d000 JavaThread "RMI Scheduler(0)" daemon [_thread_blocked, id=8252, stack(0x00000000192e0000,0x00000000193e0000)]
  0x00000000170c2800 JavaThread "RMI TCP Accept-0" daemon [_thread_in_native, id=12104, stack(0x0000000017860000,0x0000000017960000)]
  0x0000000016e62800 JavaThread "Service Thread" daemon [_thread_blocked, id=11548, stack(0x0000000017760000,0x0000000017860000)]
  0x0000000016deb800 JavaThread "C1 CompilerThread2" daemon [_thread_in_native, id=3380, stack(0x0000000017660000,0x0000000017760000)]
  0x0000000016de6800 JavaThread "C2 CompilerThread1" daemon [_thread_blocked, id=14516, stack(0x0000000017560000,0x0000000017660000)]
  0x0000000016de4000 JavaThread "C2 CompilerThread0" daemon [_thread_blocked, id=9092, stack(0x0000000017460000,0x0000000017560000)]
  0x0000000016dc4000 JavaThread "Monitor Ctrl-Break" daemon [_thread_in_native, id=13760, stack(0x0000000017360000,0x0000000017460000)]
  0x00000000165a3800 JavaThread "Attach Listener" daemon [_thread_blocked, id=13648, stack(0x0000000016a60000,0x0000000016b60000)]
  0x00000000151f6800 JavaThread "Signal Dispatcher" daemon [_thread_blocked, id=1904, stack(0x0000000016960000,0x0000000016a60000)]
  0x0000000002aae800 JavaThread "Finalizer" daemon [_thread_blocked, id=2908, stack(0x0000000016460000,0x0000000016560000)]
  0x00000000151a9000 JavaThread "Reference Handler" daemon [_thread_blocked, id=1788, stack(0x0000000016360000,0x0000000016460000)]

Other Threads:
  0x00000000151a8000 VMThread [stack: 0x0000000016260000,0x0000000016360000] [id=12100]
  0x00000000170cf800 WatcherThread [stack: 0x0000000017960000,0x0000000017a60000] [id=12340]

VM state:synchronizing (normal execution)

VM Mutex/Monitor currently owned by a thread:  ([mutex/lock_event])
[0x00000000029aeca0] Threads_lock - owner thread: 0x00000000151a8000

Heap:
 PSYoungGen      total 317440K, used 177966K [0x00000000eb400000, 0x0000000100000000, 0x0000000100000000)
  eden space 305152K, 54% used [0x00000000eb400000,0x00000000f55d3470,0x00000000fde00000)
  from space 12288K, 99% used [0x00000000ff400000,0x00000000ffff83d0,0x0000000100000000)
  to   space 17408K, 0% used [0x00000000fde00000,0x00000000fde00000,0x00000000fef00000)
 ParOldGen       total 48640K, used 26443K [0x00000000c1c00000, 0x00000000c4b80000, 0x00000000eb400000)
  object space 48640K, 54% used [0x00000000c1c00000,0x00000000c35d2ee8,0x00000000c4b80000)
 Metaspace       used 47627K, capacity 50624K, committed 50728K, reserved 1093632K
  class space    used 6651K, capacity 7193K, committed 7208K, reserved 1048576K

Card table byte_map: [0x0000000011fd0000,0x00000000121d0000] byte_map_base: 0x00000000119c2000

Marking Bits: (ParMarkBitMap*) 0x000000005ec3d850
 Begin Bits: [0x0000000012720000, 0x00000000136b0000)
 End Bits:   [0x00000000136b0000, 0x0000000014640000)

Polling page: 0x0000000000af0000

CodeCache: size=245760Kb used=11531Kb max_used=11531Kb free=234228Kb
 bounds [0x0000000002c10000, 0x0000000003760000, 0x0000000011c10000]
 total_blobs=6905 nmethods=6373 adapters=443
 compilation: enabled

Compilation events (10 events):
Event: 173.475 Thread 0x0000000016deb800 nmethod 6484 0x0000000003751d50 code [0x0000000003751f00, 0x0000000003752418]
Event: 173.475 Thread 0x0000000016deb800 6486       1       org.apache.tomcat.util.http.parser.HttpParser::readHostDomainName (41 bytes)
Event: 173.475 Thread 0x0000000016deb800 nmethod 6486 0x0000000003752810 code [0x0000000003752980, 0x0000000003752b38]
Event: 173.476 Thread 0x0000000016deb800 6485       1       org.apache.tomcat.util.buf.MessageBytes::getLength (70 bytes)
Event: 173.476 Thread 0x0000000016deb800 nmethod 6485 0x0000000003752c10 code [0x0000000003752d80, 0x0000000003752f68]
Event: 173.477 Thread 0x0000000016deb800 6487   !   1       org.apache.catalina.core.StandardHostValve::invoke (382 bytes)
Event: 173.481 Thread 0x0000000016deb800 nmethod 6487 0x00000000037530d0 code [0x0000000003753440, 0x0000000003754628]
Event: 173.481 Thread 0x0000000016deb800 6489       1       org.apache.catalina.connector.Request::getDispatcherType (16 bytes)
Event: 173.481 Thread 0x0000000016deb800 nmethod 6489 0x0000000003755cd0 code [0x0000000003755e20, 0x0000000003755f50]
Event: 173.481 Thread 0x0000000016deb800 6488   !   1       org.apache.catalina.core.StandardWrapperValve::invoke (2665 bytes)

GC Heap History (10 events):
Event: 11.554 GC heap before
{Heap before GC invocations=12 (full 1):
 PSYoungGen      total 205824K, used 203024K [0x00000000eb400000, 0x00000000f8800000, 0x0000000100000000)
  eden space 198656K, 100% used [0x00000000eb400000,0x00000000f7600000,0x00000000f7600000)
  from space 7168K, 60% used [0x00000000f8100000,0x00000000f8544250,0x00000000f8800000)
  to   space 9216K, 0% used [0x00000000f7600000,0x00000000f7600000,0x00000000f7f00000)
 ParOldGen       total 29184K, used 7471K [0x00000000c1c00000, 0x00000000c3880000, 0x00000000eb400000)
  object space 29184K, 25% used [0x00000000c1c00000,0x00000000c234bf60,0x00000000c3880000)
 Metaspace       used 25002K, capacity 26144K, committed 26240K, reserved 1071104K
  class space    used 3394K, capacity 3641K, committed 3712K, reserved 1048576K
Event: 11.561 GC heap after
Heap after GC invocations=12 (full 1):
 PSYoungGen      total 207872K, used 1743K [0x00000000eb400000, 0x00000000fe800000, 0x0000000100000000)
  eden space 198656K, 0% used [0x00000000eb400000,0x00000000eb400000,0x00000000f7600000)
  from space 9216K, 18% used [0x00000000f7600000,0x00000000f77b3df8,0x00000000f7f00000)
  to   space 9216K, 0% used [0x00000000fdf00000,0x00000000fdf00000,0x00000000fe800000)
 ParOldGen       total 29184K, used 11274K [0x00000000c1c00000, 0x00000000c3880000, 0x00000000eb400000)
  object space 29184K, 38% used [0x00000000c1c00000,0x00000000c2702b58,0x00000000c3880000)
 Metaspace       used 25002K, capacity 26144K, committed 26240K, reserved 1071104K
  class space    used 3394K, capacity 3641K, committed 3712K, reserved 1048576K
}
Event: 15.190 GC heap before
{Heap before GC invocations=13 (full 1):
 PSYoungGen      total 207872K, used 200399K [0x00000000eb400000, 0x00000000fe800000, 0x0000000100000000)
  eden space 198656K, 100% used [0x00000000eb400000,0x00000000f7600000,0x00000000f7600000)
  from space 9216K, 18% used [0x00000000f7600000,0x00000000f77b3df8,0x00000000f7f00000)
  to   space 9216K, 0% used [0x00000000fdf00000,0x00000000fdf00000,0x00000000fe800000)
 ParOldGen       total 29184K, used 11274K [0x00000000c1c00000, 0x00000000c3880000, 0x00000000eb400000)
  object space 29184K, 38% used [0x00000000c1c00000,0x00000000c2702b58,0x00000000c3880000)
 Metaspace       used 32098K, capacity 33862K, committed 34176K, reserved 1079296K
  class space    used 4373K, capacity 4695K, committed 4736K, reserved 1048576K
Event: 15.214 GC heap after
Heap after GC invocations=13 (full 1):
 PSYoungGen      total 301056K, used 9189K [0x00000000eb400000, 0x00000000fe900000, 0x0000000100000000)
  eden space 291840K, 0% used [0x00000000eb400000,0x00000000eb400000,0x00000000fd100000)
  from space 9216K, 99% used [0x00000000fdf00000,0x00000000fe7f9490,0x00000000fe800000)
  to   space 12288K, 0% used [0x00000000fd100000,0x00000000fd100000,0x00000000fdd00000)
 ParOldGen       total 29184K, used 16977K [0x00000000c1c00000, 0x00000000c3880000, 0x00000000eb400000)
  object space 29184K, 58% used [0x00000000c1c00000,0x00000000c2c94430,0x00000000c3880000)
 Metaspace       used 32098K, capacity 33862K, committed 34176K, reserved 1079296K
  class space    used 4373K, capacity 4695K, committed 4736K, reserved 1048576K
}
Event: 15.822 GC heap before
{Heap before GC invocations=14 (full 1):
 PSYoungGen      total 301056K, used 41311K [0x00000000eb400000, 0x00000000fe900000, 0x0000000100000000)
  eden space 291840K, 11% used [0x00000000eb400000,0x00000000ed35eb08,0x00000000fd100000)
  from space 9216K, 99% used [0x00000000fdf00000,0x00000000fe7f9490,0x00000000fe800000)
  to   space 12288K, 0% used [0x00000000fd100000,0x00000000fd100000,0x00000000fdd00000)
 ParOldGen       total 29184K, used 16977K [0x00000000c1c00000, 0x00000000c3880000, 0x00000000eb400000)
  object space 29184K, 58% used [0x00000000c1c00000,0x00000000c2c94430,0x00000000c3880000)
 Metaspace       used 33488K, capacity 35448K, committed 35496K, reserved 1079296K
  class space    used 4615K, capacity 5012K, committed 5032K, reserved 1048576K
Event: 15.872 GC heap after
Heap after GC invocations=14 (full 1):
 PSYoungGen      total 304128K, used 2247K [0x00000000eb400000, 0x0000000100000000, 0x0000000100000000)
  eden space 291840K, 0% used [0x00000000eb400000,0x00000000eb400000,0x00000000fd100000)
  from space 12288K, 18% used [0x00000000fd100000,0x00000000fd331e38,0x00000000fdd00000)
  to   space 12288K, 0% used [0x00000000ff400000,0x00000000ff400000,0x0000000100000000)
 ParOldGen       total 29184K, used 24715K [0x00000000c1c00000, 0x00000000c3880000, 0x00000000eb400000)
  object space 29184K, 84% used [0x00000000c1c00000,0x00000000c3422d50,0x00000000c3880000)
 Metaspace       used 33488K, capacity 35448K, committed 35496K, reserved 1079296K
  class space    used 4615K, capacity 5012K, committed 5032K, reserved 1048576K
}
Event: 15.872 GC heap before
{Heap before GC invocations=15 (full 2):
 PSYoungGen      total 304128K, used 2247K [0x00000000eb400000, 0x0000000100000000, 0x0000000100000000)
  eden space 291840K, 0% used [0x00000000eb400000,0x00000000eb400000,0x00000000fd100000)
  from space 12288K, 18% used [0x00000000fd100000,0x00000000fd331e38,0x00000000fdd00000)
  to   space 12288K, 0% used [0x00000000ff400000,0x00000000ff400000,0x0000000100000000)
 ParOldGen       total 29184K, used 24715K [0x00000000c1c00000, 0x00000000c3880000, 0x00000000eb400000)
  object space 29184K, 84% used [0x00000000c1c00000,0x00000000c3422d50,0x00000000c3880000)
 Metaspace       used 33488K, capacity 35448K, committed 35496K, reserved 1079296K
  class space    used 4615K, capacity 5012K, committed 5032K, reserved 1048576K
Event: 16.115 GC heap after
Heap after GC invocations=15 (full 2):
 PSYoungGen      total 304128K, used 0K [0x00000000eb400000, 0x0000000100000000, 0x0000000100000000)
  eden space 291840K, 0% used [0x00000000eb400000,0x00000000eb400000,0x00000000fd100000)
  from space 12288K, 0% used [0x00000000fd100000,0x00000000fd100000,0x00000000fdd00000)
  to   space 12288K, 0% used [0x00000000ff400000,0x00000000ff400000,0x0000000100000000)
 ParOldGen       total 48640K, used 18361K [0x00000000c1c00000, 0x00000000c4b80000, 0x00000000eb400000)
  object space 48640K, 37% used [0x00000000c1c00000,0x00000000c2dee590,0x00000000c4b80000)
 Metaspace       used 33488K, capacity 35448K, committed 35496K, reserved 1079296K
  class space    used 4615K, capacity 5012K, committed 5032K, reserved 1048576K
}
Event: 62.907 GC heap before
{Heap before GC invocations=16 (full 2):
 PSYoungGen      total 304128K, used 291840K [0x00000000eb400000, 0x0000000100000000, 0x0000000100000000)
  eden space 291840K, 100% used [0x00000000eb400000,0x00000000fd100000,0x00000000fd100000)
  from space 12288K, 0% used [0x00000000fd100000,0x00000000fd100000,0x00000000fdd00000)
  to   space 12288K, 0% used [0x00000000ff400000,0x00000000ff400000,0x0000000100000000)
 ParOldGen       total 48640K, used 18361K [0x00000000c1c00000, 0x00000000c4b80000, 0x00000000eb400000)
  object space 48640K, 37% used [0x00000000c1c00000,0x00000000c2dee590,0x00000000c4b80000)
 Metaspace       used 47374K, capacity 50362K, committed 50472K, reserved 1093632K
  class space    used 6619K, capacity 7152K, committed 7208K, reserved 1048576K
Event: 63.092 GC heap after
Heap after GC invocations=16 (full 2):
 PSYoungGen      total 317440K, used 12256K [0x00000000eb400000, 0x0000000100000000, 0x0000000100000000)
  eden space 305152K, 0% used [0x00000000eb400000,0x00000000eb400000,0x00000000fde00000)
  from space 12288K, 99% used [0x00000000ff400000,0x00000000ffff83d0,0x0000000100000000)
  to   space 17408K, 0% used [0x00000000fde00000,0x00000000fde00000,0x00000000fef00000)
 ParOldGen       total 48640K, used 26443K [0x00000000c1c00000, 0x00000000c4b80000, 0x00000000eb400000)
  object space 48640K, 54% used [0x00000000c1c00000,0x00000000c35d2ee8,0x00000000c4b80000)
 Metaspace       used 47374K, capacity 50362K, committed 50472K, reserved 1093632K
  class space    used 6619K, capacity 7152K, committed 7208K, reserved 1048576K
}

Deoptimization events (0 events):
No events

Internal exceptions (10 events):
Event: 168.368 Thread 0x000000001ac85800 Exception <a 'java/net/SocketTimeoutException': Read timed out> (0x00000000ed7e9e58) thrown at [C:\re\workspace\8-2-build-windows-amd64-cygwin\jdk8u144\9417\hotspot\src\share\vm\prims\jni.cpp, line 735]
Event: 169.388 Thread 0x000000001ac85800 Exception <a 'java/net/SocketTimeoutException': Read timed out> (0x00000000ed7f4ad8) thrown at [C:\re\workspace\8-2-build-windows-amd64-cygwin\jdk8u144\9417\hotspot\src\share\vm\prims\jni.cpp, line 735]
Event: 170.408 Thread 0x000000001ac85800 Exception <a 'java/net/SocketTimeoutException': Read timed out> (0x00000000ed7ff758) thrown at [C:\re\workspace\8-2-build-windows-amd64-cygwin\jdk8u144\9417\hotspot\src\share\vm\prims\jni.cpp, line 735]
Event: 170.906 Thread 0x000000001ac7c800 Exception <a 'java/lang/ArrayIndexOutOfBoundsException'> (0x00000000ecad0ce0) thrown at [C:\re\workspace\8-2-build-windows-amd64-cygwin\jdk8u144\9417\hotspot\src\share\vm\runtime\sharedRuntime.cpp, line 605]
Event: 170.906 Thread 0x000000001ac7c800 Exception <a 'java/lang/ArrayIndexOutOfBoundsException'> (0x00000000ecad2180) thrown at [C:\re\workspace\8-2-build-windows-amd64-cygwin\jdk8u144\9417\hotspot\src\share\vm\runtime\sharedRuntime.cpp, line 605]
Event: 170.971 Thread 0x000000001ac82800 Exception <a 'java/lang/ArrayIndexOutOfBoundsException'> (0x00000000ec6816a0) thrown at [C:\re\workspace\8-2-build-windows-amd64-cygwin\jdk8u144\9417\hotspot\src\share\vm\runtime\sharedRuntime.cpp, line 605]
Event: 170.992 Thread 0x000000001ac82800 Exception <a 'java/lang/ArrayIndexOutOfBoundsException'> (0x00000000ec69ad30) thrown at [C:\re\workspace\8-2-build-windows-amd64-cygwin\jdk8u144\9417\hotspot\src\share\vm\runtime\sharedRuntime.cpp, line 605]
Event: 171.576 Thread 0x000000001ac85800 Exception <a 'java/net/SocketTimeoutException': Read timed out> (0x00000000ed80a3d8) thrown at [C:\re\workspace\8-2-build-windows-amd64-cygwin\jdk8u144\9417\hotspot\src\share\vm\prims\jni.cpp, line 735]
Event: 172.714 Thread 0x000000001ac85800 Exception <a 'java/net/SocketTimeoutException': Read timed out> (0x00000000ee5caf58) thrown at [C:\re\workspace\8-2-build-windows-amd64-cygwin\jdk8u144\9417\hotspot\src\share\vm\prims\jni.cpp, line 735]
Event: 173.257 Thread 0x000000001ac88000 Exception <a 'java/net/SocketTimeoutException': Read timed out> (0x00000000ed178f30) thrown at [C:\re\workspace\8-2-build-windows-amd64-cygwin\jdk8u144\9417\hotspot\src\share\vm\prims\jni.cpp, line 735]

Events (10 events):
Event: 173.366 Thread 0x000000001ae53800 Thread added: 0x000000001ae53800
Event: 173.366 Thread 0x000000001ae4c800 Thread added: 0x000000001ae4c800
Event: 173.366 Thread 0x000000001ae52000 Thread added: 0x000000001ae52000
Event: 173.367 Thread 0x000000001ae54800 Thread added: 0x000000001ae54800
Event: 173.367 Thread 0x000000001ae4d800 Thread added: 0x000000001ae4d800
Event: 173.367 Thread 0x000000001ae55000 Thread added: 0x000000001ae55000
Event: 173.367 Thread 0x000000001ae58000 Thread added: 0x000000001ae58000
Event: 173.367 Thread 0x000000001ae56000 Thread added: 0x000000001ae56000
Event: 173.370 Executing VM operation: RevokeBias
Event: 173.452 Executing VM operation: RevokeBias done


Dynamic libraries:
0x00007ff792cf0000 - 0x00007ff792d27000 	C:\Users\75028\.jdks\jdk8\bin\java.exe
0x00007ffd1c720000 - 0x00007ffd1c910000 	C:\WINDOWS\SYSTEM32\ntdll.dll
0x00007ffd1b450000 - 0x00007ffd1b502000 	C:\WINDOWS\System32\KERNEL32.DLL
0x00007ffd196b0000 - 0x00007ffd19954000 	C:\WINDOWS\System32\KERNELBASE.dll
0x00007ffd1b3a0000 - 0x00007ffd1b443000 	C:\WINDOWS\System32\ADVAPI32.dll
0x00007ffd1b980000 - 0x00007ffd1ba1e000 	C:\WINDOWS\System32\msvcrt.dll
0x00007ffd1aa60000 - 0x00007ffd1aaf7000 	C:\WINDOWS\System32\sechost.dll
0x00007ffd1bb00000 - 0x00007ffd1bc20000 	C:\WINDOWS\System32\RPCRT4.dll
0x00007ffd1a8c0000 - 0x00007ffd1aa54000 	C:\WINDOWS\System32\USER32.dll
0x00007ffd1a200000 - 0x00007ffd1a221000 	C:\WINDOWS\System32\win32u.dll
0x00007ffd1c490000 - 0x00007ffd1c4b6000 	C:\WINDOWS\System32\GDI32.dll
0x00007ffd1a440000 - 0x00007ffd1a5d5000 	C:\WINDOWS\System32\gdi32full.dll
0x00007ffd1a160000 - 0x00007ffd1a1fe000 	C:\WINDOWS\System32\msvcp_win.dll
0x00007ffd1a340000 - 0x00007ffd1a43a000 	C:\WINDOWS\System32\ucrtbase.dll
0x00007ffd0ab10000 - 0x00007ffd0ad94000 	C:\WINDOWS\WinSxS\amd64_microsoft.windows.common-controls_6595b64144ccf1df_6.0.18362.900_none_e6beb9d913147d17\COMCTL32.dll
0x00007ffd1be80000 - 0x00007ffd1c1b5000 	C:\WINDOWS\System32\combase.dll
0x00007ffd1a730000 - 0x00007ffd1a7b0000 	C:\WINDOWS\System32\bcryptPrimitives.dll
0x00007ffd1c1d0000 - 0x00007ffd1c1fe000 	C:\WINDOWS\System32\IMM32.DLL
0x000000005f140000 - 0x000000005f212000 	C:\Users\75028\.jdks\jdk8\jre\bin\msvcr100.dll
0x000000005e420000 - 0x000000005ecbd000 	C:\Users\75028\.jdks\jdk8\jre\bin\server\jvm.dll
0x00007ffd1c200000 - 0x00007ffd1c208000 	C:\WINDOWS\System32\PSAPI.DLL
0x00007ffd151d0000 - 0x00007ffd151f4000 	C:\WINDOWS\SYSTEM32\WINMM.dll
0x00007ffd0a150000 - 0x00007ffd0a159000 	C:\WINDOWS\SYSTEM32\WSOCK32.dll
0x00007ffd1ba20000 - 0x00007ffd1ba8f000 	C:\WINDOWS\System32\WS2_32.dll
0x00007ffd151a0000 - 0x00007ffd151cd000 	C:\WINDOWS\SYSTEM32\winmmbase.dll
0x00007ffd19990000 - 0x00007ffd199da000 	C:\WINDOWS\System32\cfgmgr32.dll
0x00007ffd10b60000 - 0x00007ffd10b6a000 	C:\WINDOWS\SYSTEM32\VERSION.dll
0x000000005f130000 - 0x000000005f13f000 	C:\Users\75028\.jdks\jdk8\jre\bin\verify.dll
0x000000005f100000 - 0x000000005f129000 	C:\Users\75028\.jdks\jdk8\jre\bin\java.dll
0x000000005f0b0000 - 0x000000005f0d3000 	C:\Users\75028\.jdks\jdk8\jre\bin\instrument.dll
0x000000005f0e0000 - 0x000000005f0f6000 	C:\Users\75028\.jdks\jdk8\jre\bin\zip.dll
0x00007ffd1ab00000 - 0x00007ffd1b1e6000 	C:\WINDOWS\System32\SHELL32.dll
0x00007ffd1c370000 - 0x00007ffd1c419000 	C:\WINDOWS\System32\shcore.dll
0x00007ffd199e0000 - 0x00007ffd1a160000 	C:\WINDOWS\System32\windows.storage.dll
0x00007ffd19680000 - 0x00007ffd196a3000 	C:\WINDOWS\System32\profapi.dll
0x00007ffd19610000 - 0x00007ffd1965a000 	C:\WINDOWS\System32\powrprof.dll
0x00007ffd195e0000 - 0x00007ffd195f0000 	C:\WINDOWS\System32\UMPDC.dll
0x00007ffd1c540000 - 0x00007ffd1c592000 	C:\WINDOWS\System32\shlwapi.dll
0x00007ffd195f0000 - 0x00007ffd19601000 	C:\WINDOWS\System32\kernel.appcore.dll
0x00007ffd1a7b0000 - 0x00007ffd1a7c7000 	C:\WINDOWS\System32\cryptsp.dll
0x00007ffd126d0000 - 0x00007ffd126ea000 	D:\Tools\apps\apps\IDEA-U\ch-1\201.7846.76\bin\breakgen64.dll
0x000000005f090000 - 0x000000005f0aa000 	C:\Users\75028\.jdks\jdk8\jre\bin\net.dll
0x00007ffd18e50000 - 0x00007ffd18eb7000 	C:\WINDOWS\system32\mswsock.dll
0x00007ffd18ba0000 - 0x00007ffd18c6b000 	C:\WINDOWS\SYSTEM32\DNSAPI.dll
0x00007ffd1c1c0000 - 0x00007ffd1c1c8000 	C:\WINDOWS\System32\NSI.dll
0x00007ffd18b60000 - 0x00007ffd18b9a000 	C:\WINDOWS\SYSTEM32\IPHLPAPI.DLL
0x00007ffd09b10000 - 0x00007ffd09b1a000 	C:\Windows\System32\rasadhlp.dll
0x00007ffd0ce50000 - 0x00007ffd0cec7000 	C:\WINDOWS\System32\fwpuclnt.dll
0x00007ffd19960000 - 0x00007ffd19986000 	C:\WINDOWS\System32\bcrypt.dll
0x000000005f080000 - 0x000000005f08d000 	C:\Users\75028\.jdks\jdk8\jre\bin\management.dll
0x000000005f040000 - 0x000000005f051000 	C:\Users\75028\.jdks\jdk8\jre\bin\nio.dll
0x00007ffd189c0000 - 0x00007ffd189f3000 	C:\WINDOWS\system32\rsaenh.dll
0x00007ffd19500000 - 0x00007ffd19525000 	C:\WINDOWS\SYSTEM32\USERENV.dll
0x00007ffd19020000 - 0x00007ffd1902c000 	C:\WINDOWS\SYSTEM32\CRYPTBASE.dll
0x00007ffd0d0a0000 - 0x00007ffd0d0b6000 	C:\WINDOWS\SYSTEM32\dhcpcsvc6.DLL
0x00007ffd0f660000 - 0x00007ffd0f67c000 	C:\WINDOWS\SYSTEM32\dhcpcsvc.DLL
0x00007ffd0b3d0000 - 0x00007ffd0b3e6000 	C:\WINDOWS\system32\napinsp.dll
0x00007ffd02bd0000 - 0x00007ffd02bea000 	C:\WINDOWS\system32\pnrpnsp.dll
0x00007ffd167a0000 - 0x00007ffd167bc000 	C:\WINDOWS\system32\NLAapi.dll
0x00007ffcf7a90000 - 0x00007ffcf7aa5000 	C:\WINDOWS\system32\wshbth.dll
0x00007ffd13c20000 - 0x00007ffd13c2e000 	C:\WINDOWS\System32\winrnr.dll
0x000000005f010000 - 0x000000005f034000 	C:\Users\75028\.jdks\jdk8\jre\bin\sunec.dll

VM Arguments:
jvm_args: -XX:TieredStopAtLevel=1 -Xverify:none -Dspring.output.ansi.enabled=always -Dcom.sun.management.jmxremote -Dspring.jmx.enabled=true -Dspring.liveBeansView.mbeanDomain -Dspring.application.admin.enabled=true -javaagent:D:\Tools\apps\apps\IDEA-U\ch-1\201.7846.76\lib\idea_rt.jar=52147:D:\Tools\apps\apps\IDEA-U\ch-1\201.7846.76\bin -Dfile.encoding=UTF-8 
java_command: com.example.springcloud.CloudProviderHystrixPayment8001Application
java_class_path (initial): C:\Users\75028\.jdks\jdk8\jre\lib\charsets.jar;C:\Users\75028\.jdks\jdk8\jre\lib\deploy.jar;C:\Users\75028\.jdks\jdk8\jre\lib\ext\access-bridge-64.jar;C:\Users\75028\.jdks\jdk8\jre\lib\ext\cldrdata.jar;C:\Users\75028\.jdks\jdk8\jre\lib\ext\dnsns.jar;C:\Users\75028\.jdks\jdk8\jre\lib\ext\jaccess.jar;C:\Users\75028\.jdks\jdk8\jre\lib\ext\jfxrt.jar;C:\Users\75028\.jdks\jdk8\jre\lib\ext\localedata.jar;C:\Users\75028\.jdks\jdk8\jre\lib\ext\nashorn.jar;C:\Users\75028\.jdks\jdk8\jre\lib\ext\sunec.jar;C:\Users\75028\.jdks\jdk8\jre\lib\ext\sunjce_provider.jar;C:\Users\75028\.jdks\jdk8\jre\lib\ext\sunmscapi.jar;C:\Users\75028\.jdks\jdk8\jre\lib\ext\sunpkcs11.jar;C:\Users\75028\.jdks\jdk8\jre\lib\ext\zipfs.jar;C:\Users\75028\.jdks\jdk8\jre\lib\javaws.jar;C:\Users\75028\.jdks\jdk8\jre\lib\jce.jar;C:\Users\75028\.jdks\jdk8\jre\lib\jfr.jar;C:\Users\75028\.jdks\jdk8\jre\lib\jfxswt.jar;C:\Users\75028\.jdks\jdk8\jre\lib\jsse.jar;C:\Users\75028\.jdks\jdk8\jre\lib\management-agent.jar;C:\Users\75028\.jdks\jdk8\jre\lib\plugin.jar;C:\Users\75028\.jdks\jdk8\jre\lib\resources.jar;C:\Users\75028\.jdks\jdk8\jre\lib\rt.jar;D:\Projects\Java\cloud\cloud-provider-hystrix-payment8001\target\classes;D:\Tools\Repository\org\springframework\boot\spring-boot-starter-actuator\2.3.1.RELEASE\spring-boot-starter-actuator-2.3.1.RELEASE.jar;D:\Tools\Repository\org\springframework\boot\spring-boot-starter\2.3.1.RELEASE\spring-boot-starter-2.3.1.RELEASE.jar;D:\Tools\Repository\org\springframework\boot\spring-boot-starter-logging\2.3.1.RELEASE\spring-boot-starter-logging-2.3.1.RELEASE.jar;D:\Tools\Repository\ch\qos\logback\logback-classic\1.2.3\logback-classic-1.2.3.jar;D:\Tools\Repository\ch\qos\logback\logback-core\1.2.3\logback-core-1.2.3.jar;D:\Tools\Repository\org\apache\logging\log4j\log4j-to-slf4j\2.13.3\log4j-to-slf4j-2.13.3.jar;D:\Tools\Repository\org\apache\logging\log4j\log4j-api\2.13.3\log4j-api-2.13.3.jar;D:\Tools\Repository\org\slf4j\jul-to-slf4j\1.7.30\jul-to-slf4j
Launcher Type: SUN_STANDARD

Environment Variables:
JAVA_HOME=C:\Users\75028\.jdks\jdk8
CLASSPATH=.;C:\Users\75028\.jdks\jdk8\bin;C:\Users\75028\.jdks\jdk8\lib\dt.jar;C:\Users\75028\.jdks\jdk8\lib\tools.jar
PATH=C:\Users\75028\.jdks\jdk8\bin;C:\Users\75028\.jdks\jdk8\jre\bin;D:\Tools\Xftp\;D:\Tools\Xshell\;C:\WINDOWS\system32;C:\WINDOWS;C:\WINDOWS\System32\Wbem;C:\WINDOWS\System32\WindowsPowerShell\v1.0\;C:\WINDOWS\System32\OpenSSH\;D:\Tools\npm\;D:\Tools\Node.js\;C:\Program Files (x86)\NVIDIA Corporation\PhysX\Common;D:\Tools\Git\cmd;C:\Users\75028\AppData\Local\Microsoft\WindowsApps;D:\Tools\Bandzip\;C:\Users\75028\AppData\Roaming\npm
USERNAME=75028
OS=Windows_NT
PROCESSOR_IDENTIFIER=Intel64 Family 6 Model 142 Stepping 9, GenuineIntel



---------------  S Y S T E M  ---------------

OS: Windows 10.0 , 64 bit Build 18362 (10.0.18362.900)

CPU:total 4 (initial active 4) (2 cores per cpu, 2 threads per core) family 6 model 142 stepping 9, cmov, cx8, fxsr, mmx, sse, sse2, sse3, ssse3, sse4.1, sse4.2, popcnt, avx, avx2, aes, clmul, erms, 3dnowpref, lzcnt, ht, tsc, tscinvbit, bmi1, bmi2, adx

Memory: 4k page, physical 4076776k(168504k free), swap 10527716k(0k free)

vm_info: Java HotSpot(TM) 64-Bit Server VM (25.144-b01) for windows-amd64 JRE (1.8.0_144-b01), built on Jul 21 2017 21:57:33 by "java_re" with MS VC++ 10.0 (VS2010)

time: Wed Jul 08 11:09:43 2020
elapsed time: 173 seconds (0d 0h 2m 53s)

